0 info it worked if it ends with ok
1 verbose cli [ 'C:\\Program Files\\nodejs\\node.exe',
1 verbose cli   'C:\\Users\\Domovoy\\AppData\\Roaming\\npm\\node_modules\\npm\\bin\\npm-cli.js',
1 verbose cli   'publish' ]
2 info using npm@3.10.8
3 info using node@v4.6.0
4 verbose publish [ '.' ]
5 silly cache add args [ '.', null ]
6 verbose cache add spec .
7 silly cache add parsed spec Result {
7 silly cache add   raw: '.',
7 silly cache add   scope: null,
7 silly cache add   escapedName: null,
7 silly cache add   name: null,
7 silly cache add   rawSpec: '.',
7 silly cache add   spec: 'D:\\Development\\OpenServer\\domains\\generator-uamithril-web-starter',
7 silly cache add   type: 'directory' }
8 verbose addLocalDirectory C:\Users\Domovoy\AppData\Roaming\npm-cache\generator-uamithril-web-starter\0.0.3\package.tgz not in flight; packing
9 verbose correctMkdir C:\Users\Domovoy\AppData\Roaming\npm-cache correctMkdir not in flight; initializing
10 info lifecycle generator-uamithril-web-starter@0.0.3~prepublish: generator-uamithril-web-starter@0.0.3
11 verbose lifecycle generator-uamithril-web-starter@0.0.3~prepublish: unsafe-perm in lifecycle true
12 verbose lifecycle generator-uamithril-web-starter@0.0.3~prepublish: PATH: C:\Users\Domovoy\AppData\Roaming\npm\node_modules\npm\bin\node-gyp-bin;D:\Development\OpenServer\domains\generator-uamithril-web-starter\node_modules\.bin;C:\ProgramData\Oracle\Java\javapath;C:\Ruby22-x64\bin;C:\Program Files (x86)\Intel\iCLS Client\;C:\Program Files\Intel\iCLS Client\;C:\Windows\system32;C:\Windows;C:\Windows\System32\Wbem;C:\Windows\System32\WindowsPowerShell\v1.0\;C:\Program Files\Intel\Intel(R) Management Engine Components\DAL;C:\Program Files\Intel\Intel(R) Management Engine Components\IPT;C:\Program Files (x86)\Intel\Intel(R) Management Engine Components\DAL;C:\Program Files (x86)\Intel\Intel(R) Management Engine Components\IPT;C:\Program Files (x86)\NVIDIA Corporation\PhysX\Common;C:\Program Files (x86)\Heroku\bin;C:\Program Files (x86)\git\cmd;C:\WINDOWS\system32;C:\WINDOWS;C:\WINDOWS\System32\Wbem;C:\WINDOWS\System32\WindowsPowerShell\v1.0\;C:\Program Files (x86)\Skype\Phone\;C:\Program Files\Intel\WiFi\bin\;C:\Program Files\Common Files\Intel\WirelessCommon\;C:\Program Files\nodejs\;C:\Program Files\Git\cmd;C:\Program Files\Intel\WiFi\bin\;C:\Program Files\Common Files\Intel\WirelessCommon\;C:\Users\Domovoy\AppData\Local\Microsoft\WindowsApps;C:\Users\Domovoy\AppData\Roaming\npm
13 verbose lifecycle generator-uamithril-web-starter@0.0.3~prepublish: CWD: D:\Development\OpenServer\domains\generator-uamithril-web-starter
14 silly lifecycle generator-uamithril-web-starter@0.0.3~prepublish: Args: [ '/d /s /c', 'gulp prepublish' ]
15 silly lifecycle generator-uamithril-web-starter@0.0.3~prepublish: Returned: code: 0  signal: null
16 verbose tar pack [ 'C:\\Users\\Domovoy\\AppData\\Roaming\\npm-cache\\generator-uamithril-web-starter\\0.0.3\\package.tgz',
16 verbose tar pack   'D:\\Development\\OpenServer\\domains\\generator-uamithril-web-starter' ]
17 verbose tarball C:\Users\Domovoy\AppData\Roaming\npm-cache\generator-uamithril-web-starter\0.0.3\package.tgz
18 verbose folder D:\Development\OpenServer\domains\generator-uamithril-web-starter
19 verbose addLocalTarball adding from inside cache C:\Users\Domovoy\AppData\Roaming\npm-cache\generator-uamithril-web-starter\0.0.3\package.tgz
20 verbose correctMkdir C:\Users\Domovoy\AppData\Roaming\npm-cache correctMkdir not in flight; initializing
21 silly cache afterAdd generator-uamithril-web-starter@0.0.3
22 verbose afterAdd C:\Users\Domovoy\AppData\Roaming\npm-cache\generator-uamithril-web-starter\0.0.3\package\package.json not in flight; writing
23 verbose correctMkdir C:\Users\Domovoy\AppData\Roaming\npm-cache correctMkdir not in flight; initializing
24 verbose afterAdd C:\Users\Domovoy\AppData\Roaming\npm-cache\generator-uamithril-web-starter\0.0.3\package\package.json written
25 silly publish { name: 'generator-uamithril-web-starter',
25 silly publish   version: '0.0.3',
25 silly publish   description: 'Web Project starter with template engine - Nunjucks, scss, and gulp.js',
25 silly publish   homepage: 'https://github.com/uamithril/generator-uamithril-web-starter',
25 silly publish   author: { name: 'uaMithril', email: 'mithrilwork@gmail.com' },
25 silly publish   files: [ 'generators' ],
25 silly publish   main: 'generators/index.js',
25 silly publish   keywords:
25 silly publish    [ 'uamithril',
25 silly publish      'web-starter',
25 silly publish      'gulp',
25 silly publish      'nunjucks',
25 silly publish      'generator',
25 silly publish      'yeoman-generator' ],
25 silly publish   dependencies:
25 silly publish    { chalk: '^1.0.0',
25 silly publish      lodash: '^4.16.4',
25 silly publish      'yeoman-generator': '^0.24.1',
25 silly publish      yosay: '^1.0.0' },
25 silly publish   devDependencies:
25 silly publish    { eslint: '^3.1.1',
25 silly publish      'eslint-config-xo-space': '^0.15.0',
25 silly publish      gulp: '^3.9.0',
25 silly publish      'gulp-eslint': '^3.0.1',
25 silly publish      'gulp-istanbul': '^1.0.0',
25 silly publish      'gulp-line-ending-corrector': '^1.0.1',
25 silly publish      'gulp-mocha': '^3.0.1',
25 silly publish      'gulp-nsp': '^2.1.0',
25 silly publish      'gulp-plumber': '^1.0.0',
25 silly publish      'yeoman-assert': '^2.0.0',
25 silly publish      'yeoman-test': '^1.0.0' },
25 silly publish   eslintConfig: { extends: 'xo-space', env: { mocha: true } },
25 silly publish   repository:
25 silly publish    { type: 'git',
25 silly publish      url: 'git+https://github.com/uamithril/generator-uamithril-web-starter.git' },
25 silly publish   scripts: { prepublish: 'gulp prepublish', test: 'gulp' },
25 silly publish   license: 'MIT',
25 silly publish   readme: '# uaMithril Web Starter Generator [![NPM version][npm-image]][npm-url] [![Build Status][travis-image]][travis-url] [![Dependency Status][daviddm-image]][daviddm-url]\r\n> Web Project starter with template engine - Nunjucks, scss, and gulp.js\r\n\r\n## Installation\r\n\r\nFirst, install [Yeoman](http://yeoman.io) and generator-uamithril-web-starter using [npm](https://www.npmjs.com/) (we assume you have pre-installed [node.js](https://nodejs.org/)).\r\n\r\n```bash\r\nnpm install -g yo\r\nnpm install -g generator-uamithril-web-starter\r\n```\r\n\r\nCreate some new folder for project, and inside it, - run:\r\n\r\n```bash\r\nyo uamithril-web-starter\r\n```\r\n\r\n## Getting To Know Yeoman\r\n\r\n\r\nFeel free to [learn more about Yeoman](http://yeoman.io/).\r\n\r\n## License\r\n\r\nMIT © uaMithril\r\n\r\n\r\n[npm-image]: https://badge.fury.io/js/generator-uamithril-web-starter.svg\r\n[npm-url]: https://npmjs.org/package/generator-uamithril-web-starter\r\n[travis-image]: https://travis-ci.org/uamithril/generator-uamithril-web-starter.svg?branch=master\r\n[travis-url]: https://travis-ci.org/uamithril/generator-uamithril-web-starter\r\n[daviddm-image]: https://david-dm.org/uamithril/generator-uamithril-web-starter.svg?theme=shields.io\r\n[daviddm-url]: https://david-dm.org/uamithril/generator-uamithril-web-starter\r\n',
25 silly publish   readmeFilename: 'readme.md',
25 silly publish   gitHead: '31c7dc5b23d0cd422c9be6b72007fa46af63c486',
25 silly publish   bugs: { url: 'https://github.com/uamithril/generator-uamithril-web-starter/issues' },
25 silly publish   _id: 'generator-uamithril-web-starter@0.0.3',
25 silly publish   _shasum: 'e8f92c6f3cd6b707f10113b732740922d5f00c0c',
25 silly publish   _from: '.' }
26 verbose getPublishConfig undefined
27 silly mapToRegistry name generator-uamithril-web-starter
28 silly mapToRegistry using default registry
29 silly mapToRegistry registry https://registry.npmjs.org/
30 silly mapToRegistry data Result {
30 silly mapToRegistry   raw: 'generator-uamithril-web-starter',
30 silly mapToRegistry   scope: null,
30 silly mapToRegistry   escapedName: 'generator-uamithril-web-starter',
30 silly mapToRegistry   name: 'generator-uamithril-web-starter',
30 silly mapToRegistry   rawSpec: '',
30 silly mapToRegistry   spec: 'latest',
30 silly mapToRegistry   type: 'tag' }
31 silly mapToRegistry uri https://registry.npmjs.org/generator-uamithril-web-starter
32 verbose publish registryBase https://registry.npmjs.org/
33 silly publish uploading C:\Users\Domovoy\AppData\Roaming\npm-cache\generator-uamithril-web-starter\0.0.3\package.tgz
34 verbose request uri https://registry.npmjs.org/generator-uamithril-web-starter
35 verbose request sending authorization for write operation
36 info attempt registry request try #1 at 15:30:46
37 verbose request using bearer token for auth
38 verbose request id 4c4339e403eab351
39 http request PUT https://registry.npmjs.org/generator-uamithril-web-starter
40 http 403 https://registry.npmjs.org/generator-uamithril-web-starter
41 verbose headers { 'content-type': 'application/json',
41 verbose headers   'cache-control': 'max-age=300',
41 verbose headers   'content-length': '95',
41 verbose headers   'accept-ranges': 'bytes',
41 verbose headers   date: 'Wed, 19 Oct 2016 12:30:50 GMT',
41 verbose headers   via: '1.1 varnish',
41 verbose headers   connection: 'keep-alive',
41 verbose headers   'x-served-by': 'cache-fra1227-FRA',
41 verbose headers   'x-cache': 'MISS',
41 verbose headers   'x-cache-hits': '0',
41 verbose headers   'x-timer': 'S1476880249.760168,VS0,VE1221',
41 verbose headers   vary: 'Accept-Encoding' }
42 verbose request invalidating C:\Users\Domovoy\AppData\Roaming\npm-cache\registry.npmjs.org\generator-uamithril-web-starter on PUT
43 error publish Failed PUT 403
44 verbose stack Error: "You cannot publish over the previously published version 0.0.3." : generator-uamithril-web-starter
44 verbose stack     at makeError (C:\Users\Domovoy\AppData\Roaming\npm\node_modules\npm\node_modules\npm-registry-client\lib\request.js:302:12)
44 verbose stack     at CachingRegistryClient.<anonymous> (C:\Users\Domovoy\AppData\Roaming\npm\node_modules\npm\node_modules\npm-registry-client\lib\request.js:290:14)
44 verbose stack     at Request._callback (C:\Users\Domovoy\AppData\Roaming\npm\node_modules\npm\node_modules\npm-registry-client\lib\request.js:210:14)
44 verbose stack     at Request.self.callback (C:\Users\Domovoy\AppData\Roaming\npm\node_modules\npm\node_modules\request\request.js:187:22)
44 verbose stack     at emitTwo (events.js:87:13)
44 verbose stack     at Request.emit (events.js:172:7)
44 verbose stack     at Request.<anonymous> (C:\Users\Domovoy\AppData\Roaming\npm\node_modules\npm\node_modules\request\request.js:1044:10)
44 verbose stack     at emitOne (events.js:77:13)
44 verbose stack     at Request.emit (events.js:169:7)
44 verbose stack     at IncomingMessage.<anonymous> (C:\Users\Domovoy\AppData\Roaming\npm\node_modules\npm\node_modules\request\request.js:965:12)
45 verbose statusCode 403
46 verbose pkgid generator-uamithril-web-starter
47 verbose cwd D:\Development\OpenServer\domains\generator-uamithril-web-starter
48 error Windows_NT 10.0.14393
49 error argv "C:\\Program Files\\nodejs\\node.exe" "C:\\Users\\Domovoy\\AppData\\Roaming\\npm\\node_modules\\npm\\bin\\npm-cli.js" "publish"
50 error node v4.6.0
51 error npm  v3.10.8
52 error code E403
53 error "You cannot publish over the previously published version 0.0.3." : generator-uamithril-web-starter
54 error If you need help, you may report this error at:
54 error     <https://github.com/npm/npm/issues>
55 verbose exit [ 1, true ]
